#
# There is insufficient memory for the Java Runtime Environment to continue.
# Native memory allocation (malloc) failed to allocate 32744 bytes for ChunkPool::allocate
# Possible reasons:
#   The system is out of physical RAM or swap space
#   The process is running with CompressedOops enabled, and the Java Heap may be blocking the growth of the native heap
# Possible solutions:
#   Reduce memory load on the system
#   Increase physical memory or swap space
#   Check if swap backing store is full
#   Decrease Java heap size (-Xmx/-Xms)
#   Decrease number of Java threads
#   Decrease Java thread stack sizes (-Xss)
#   Set larger code cache with -XX:ReservedCodeCacheSize=
#   JVM is running with Unscaled Compressed Oops mode in which the Java heap is
#     placed in the first 4GB address space. The Java Heap base address is the
#     maximum limit for the native heap growth. Please use -XX:HeapBaseMinAddress
#     to set the Java Heap base and to place the Java Heap above 4GB virtual address.
# This output file may be truncated or incomplete.
#
#  Out of Memory Error (t:/workspace/hotspot/src/share/vm/memory/allocation.cpp:256), pid=3288, tid=7544
#
# JRE version: Java(TM) SE Runtime Environment (9.0+11) (build 9.0.4+11)
# Java VM: Java HotSpot(TM) 64-Bit Server VM (9.0.4+11, mixed mode, tiered, compressed oops, g1 gc, windows-amd64)
# No core dump will be written. Minidumps are not enabled by default on client versions of Windows
#

---------------  S U M M A R Y ------------

Command Line: -agentlib:jdwp=transport=dt_socket,address=127.0.0.1:60785,suspend=y,server=n -XX:TieredStopAtLevel=1 -Xverify:none -Dspring.output.ansi.enabled=always -Dcom.sun.management.jmxremote -Dspring.jmx.enabled=true -Dspring.liveBeansView.mbeanDomain -Dspring.application.admin.enabled=true -javaagent:C:\Users\Tudor\.IntelliJIdea2019.2\system\captureAgent\debugger-agent.jar -Dfile.encoding=UTF-8 TechnicalTest

Host: Intel(R) Core(TM) i5-8250U CPU @ 1.60GHz, 8 cores, 7G,  Windows 10 , 64 bit Build 17134 (10.0.17134.753)
Time: Tue Sep 17 13:58:14 2019 GTB Daylight Time elapsed time: 2 seconds (0d 0h 0m 2s)

---------------  T H R E A D  ---------------

Current thread (0x000001f4061a1800):  JavaThread "Thread-0" [_thread_in_vm, id=7544, stack(0x00000036f8700000,0x00000036f8800000)]

Stack: [0x00000036f8700000,0x00000036f8800000]
Native frames: (J=compiled Java code, j=interpreted, Vv=VM code, C=native code)
V  [jvm.dll+0x587068]

[error occurred during error reporting (printing native stack), id 0xe0000001]

Java frames: (J=compiled Java code, j=interpreted, Vv=VM code)
j  java.lang.ClassLoader.defineClass2(Ljava/lang/ClassLoader;Ljava/lang/String;Ljava/nio/ByteBuffer;IILjava/security/ProtectionDomain;Ljava/lang/String;)Ljava/lang/Class;+0 java.base@9.0.4
j  java.lang.ClassLoader.defineClass(Ljava/lang/String;Ljava/nio/ByteBuffer;Ljava/security/ProtectionDomain;)Ljava/lang/Class;+93 java.base@9.0.4
j  java.security.SecureClassLoader.defineClass(Ljava/lang/String;Ljava/nio/ByteBuffer;Ljava/security/CodeSource;)Ljava/lang/Class;+8 java.base@9.0.4
j  jdk.internal.loader.BuiltinClassLoader.defineClass(Ljava/lang/String;Ljdk/internal/loader/BuiltinClassLoader$LoadedModule;)Ljava/lang/Class;+127 java.base@9.0.4
J 1249 c1 jdk.internal.loader.BuiltinClassLoader.loadClassOrNull(Ljava/lang/String;Z)Ljava/lang/Class; java.base@9.0.4 (143 bytes) @ 0x000001f46ce5cb8c [0x000001f46ce5c820+0x000000000000036c]
J 1420 c1 jdk.internal.loader.BuiltinClassLoader.loadClassOrNull(Ljava/lang/String;)Ljava/lang/Class; java.base@9.0.4 (7 bytes) @ 0x000001f46cea7f94 [0x000001f46cea7f40+0x0000000000000054]
J 1249 c1 jdk.internal.loader.BuiltinClassLoader.loadClassOrNull(Ljava/lang/String;Z)Ljava/lang/Class; java.base@9.0.4 (143 bytes) @ 0x000001f46ce5cc3c [0x000001f46ce5c820+0x000000000000041c]
J 1315 c1 jdk.internal.loader.ClassLoaders$AppClassLoader.loadClass(Ljava/lang/String;Z)Ljava/lang/Class; java.base@9.0.4 (40 bytes) @ 0x000001f46ce7cc34 [0x000001f46ce7cb00+0x0000000000000134]
J 1310 c1 java.lang.ClassLoader.loadClass(Ljava/lang/String;)Ljava/lang/Class; java.base@9.0.4 (7 bytes) @ 0x000001f46ce7ab1c [0x000001f46ce7aac0+0x000000000000005c]
j  org.springframework.boot.autoconfigure.condition.FilteringSpringBootCondition$ClassNameFilter.forName(Ljava/lang/String;Ljava/lang/ClassLoader;)Ljava/lang/Class;+6
j  org.springframework.boot.autoconfigure.condition.FilteringSpringBootCondition$ClassNameFilter.isPresent(Ljava/lang/String;Ljava/lang/ClassLoader;)Z+10
j  org.springframework.boot.autoconfigure.condition.FilteringSpringBootCondition$ClassNameFilter$2.matches(Ljava/lang/String;Ljava/lang/ClassLoader;)Z+2
j  org.springframework.boot.autoconfigure.condition.OnClassCondition$StandardOutcomesResolver.getOutcome(Ljava/lang/String;Ljava/lang/ClassLoader;)Lorg/springframework/boot/autoconfigure/condition/ConditionOutcome;+5
j  org.springframework.boot.autoconfigure.condition.OnClassCondition$StandardOutcomesResolver.getOutcome(Ljava/lang/String;)Lorg/springframework/boot/autoconfigure/condition/ConditionOutcome;+49
j  org.springframework.boot.autoconfigure.condition.OnClassCondition$StandardOutcomesResolver.getOutcomes([Ljava/lang/String;IILorg/springframework/boot/autoconfigure/AutoConfigurationMetadata;)[Lorg/springframework/boot/autoconfigure/condition/ConditionOutcome;+55
j  org.springframework.boot.autoconfigure.condition.OnClassCondition$StandardOutcomesResolver.resolveOutcomes()[Lorg/springframework/boot/autoconfigure/condition/ConditionOutcome;+17
j  org.springframework.boot.autoconfigure.condition.OnClassCondition$ThreadedOutcomesResolver.lambda$new$0(Lorg/springframework/boot/autoconfigure/condition/OnClassCondition$OutcomesResolver;)V+2
j  org.springframework.boot.autoconfigure.condition.OnClassCondition$ThreadedOutcomesResolver$$Lambda$254.run()V+8
j  java.lang.Thread.run()V+11 java.base@9.0.4
v  ~StubRoutines::call_stub

---------------  P R O C E S S  ---------------

Java Threads: ( => current thread )
=>0x000001f4061a1800 JavaThread "Thread-0" [_thread_in_vm, id=7544, stack(0x00000036f8700000,0x00000036f8800000)]
  0x000001f40535d800 JavaThread "RMI Scheduler(0)" daemon [_thread_blocked, id=9452, stack(0x00000036f8600000,0x00000036f8700000)]
  0x000001f405288000 JavaThread "background-preinit" [_thread_in_vm, id=16900, stack(0x00000036f8500000,0x00000036f8600000)]
  0x000001f40514c800 JavaThread "RMI TCP Connection(1)-192.168.1.7" daemon [_thread_in_native, id=16452, stack(0x00000036f8400000,0x00000036f8500000)]
  0x000001f404efc000 JavaThread "RMI TCP Accept-0" daemon [_thread_in_native, id=3156, stack(0x00000036f8200000,0x00000036f8300000)]
  0x000001f404b9a000 JavaThread "Service Thread" daemon [_thread_blocked, id=9856, stack(0x00000036f8100000,0x00000036f8200000)]
  0x000001f404981000 JavaThread "JDWP Command Reader" daemon [_thread_in_native, id=1180, stack(0x00000036f8000000,0x00000036f8100000)]
  0x000001f404978000 JavaThread "JDWP Event Helper Thread" daemon [_thread_blocked, id=2472, stack(0x00000036f7f00000,0x00000036f8000000)]
  0x000001f404965800 JavaThread "JDWP Transport Listener: dt_socket" daemon [_thread_blocked, id=5828, stack(0x00000036f7e00000,0x00000036f7f00000)]
  0x000001f4047b8800 JavaThread "Common-Cleaner" daemon [_thread_blocked, id=3904, stack(0x00000036f7d00000,0x00000036f7e00000)]
  0x000001f47fb16000 JavaThread "Sweeper thread" daemon [_thread_blocked, id=12632, stack(0x00000036f7c00000,0x00000036f7d00000)]
  0x000001f47fb01800 JavaThread "C1 CompilerThread3" daemon [_thread_blocked, id=1296, stack(0x00000036f7b00000,0x00000036f7c00000)]
  0x000001f47fafe800 JavaThread "C1 CompilerThread2" daemon [_thread_in_native, id=5728, stack(0x00000036f7a00000,0x00000036f7b00000)]
  0x000001f47faf8800 JavaThread "C1 CompilerThread1" daemon [_thread_blocked, id=648, stack(0x00000036f7900000,0x00000036f7a00000)]
  0x000001f47faf7000 JavaThread "C1 CompilerThread0" daemon [_thread_blocked, id=12772, stack(0x00000036f7800000,0x00000036f7900000)]
  0x000001f47faf6000 JavaThread "Attach Listener" daemon [_thread_blocked, id=10256, stack(0x00000036f7700000,0x00000036f7800000)]
  0x000001f47faf5800 JavaThread "Signal Dispatcher" daemon [_thread_blocked, id=4296, stack(0x00000036f7600000,0x00000036f7700000)]
  0x000001f47faa1000 JavaThread "Finalizer" daemon [_thread_blocked, id=5628, stack(0x00000036f7500000,0x00000036f7600000)]
  0x000001f47fa8e000 JavaThread "Reference Handler" daemon [_thread_blocked, id=5880, stack(0x00000036f7400000,0x00000036f7500000)]
  0x000001f460509800 JavaThread "main" [_thread_in_native, id=996, stack(0x00000036f5e00000,0x00000036f5f00000)]

Other Threads:
  0x000001f47fa88800 VMThread "VM Thread" [stack: 0x00000036f7300000,0x00000036f7400000] [id=12536]
  0x000001f404f85800 WatcherThread [stack: 0x00000036f8300000,0x00000036f8400000] [id=16840]
  0x000001f460521000 GCTaskThread "GC Thread#0" [stack: 0x00000036f5f00000,0x00000036f6000000] [id=5040]
  0x000001f460522800 GCTaskThread "GC Thread#1" [stack: 0x00000036f6000000,0x00000036f6100000] [id=8668]
  0x000001f460525000 GCTaskThread "GC Thread#2" [stack: 0x00000036f6100000,0x00000036f6200000] [id=2876]
  0x000001f460527800 GCTaskThread "GC Thread#3" [stack: 0x00000036f6200000,0x00000036f6300000] [id=5260]
  0x000001f46052a000 GCTaskThread "GC Thread#4" [stack: 0x00000036f6300000,0x00000036f6400000] [id=2180]
  0x000001f460537000 GCTaskThread "GC Thread#5" [stack: 0x00000036f6400000,0x00000036f6500000] [id=10940]
  0x000001f460533000 GCTaskThread "GC Thread#6" [stack: 0x00000036f6500000,0x00000036f6600000] [id=3520]
  0x000001f460537800 GCTaskThread "GC Thread#7" [stack: 0x00000036f6600000,0x00000036f6700000] [id=3968]
  0x000001f46058c000 ConcurrentGCThread "G1 Main Marker" [stack: 0x00000036f7000000,0x00000036f7100000] [id=7808]
  0x000001f460535800 ConcurrentGCThread "G1 Marker#0" [stack: 0x00000036f7100000,0x00000036f7200000] [id=10856]
  0x000001f460538800 ConcurrentGCThread "G1 Marker#1" [stack: 0x00000036f7200000,0x00000036f7300000] [id=1968]
  0x000001f460560800 ConcurrentGCThread "G1 Refine#0" [stack: 0x00000036f6e00000,0x00000036f6f00000] [id=1648]
  0x000001f46055b800 ConcurrentGCThread "G1 Refine#1" [stack: 0x00000036f6d00000,0x00000036f6e00000] [id=7340]
  0x000001f460559000 ConcurrentGCThread "G1 Refine#2" [stack: 0x00000036f6c00000,0x00000036f6d00000] [id=32]
  0x000001f460558000 ConcurrentGCThread "G1 Refine#3" [stack: 0x00000036f6b00000,0x00000036f6c00000] [id=4860]
  0x000001f460557000 ConcurrentGCThread "G1 Refine#4" [stack: 0x00000036f6a00000,0x00000036f6b00000] [id=13904]
  0x000001f460556800 ConcurrentGCThread "G1 Refine#5" [stack: 0x00000036f6900000,0x00000036f6a00000] [id=11272]
  0x000001f460542800 ConcurrentGCThread "G1 Refine#6" [stack: 0x00000036f6800000,0x00000036f6900000] [id=3080]
  0x000001f460542000 ConcurrentGCThread "G1 Refine#7" [stack: 0x00000036f6700000,0x00000036f6800000] [id=5624]
  0x000001f460563000 ConcurrentGCThread "G1 Young RemSet Sampling" [stack: 0x00000036f6f00000,0x00000036f7000000] [id=1584]

Threads with active compile tasks:
C1 CompilerThread22283       1       java.lang.invoke.InnerClassLambdaMetafactory::spinInnerClass (515 bytes)

VM state:not at safepoint (normal execution)

VM Mutex/Monitor currently owned by a thread: None

Heap address: 0x0000000081a00000, size: 2022 MB, Compressed Oops mode: 32-bit
Narrow klass base: 0x0000000000000000, Narrow klass shift: 3
Compressed class space size: 1073741824 Address: 0x0000000100000000

Heap:
 garbage-first heap   total 131072K, used 57776K [0x0000000081a00000, 0x0000000081b00400, 0x0000000100000000)
  region size 1024K, 49 young (50176K), 2 survivors (2048K)
 Metaspace       used 24907K, capacity 26316K, committed 26444K, reserved 1073152K
  class space    used 3050K, capacity 3348K, committed 3404K, reserved 1048576K
Heap Regions: E=young(eden), S=young(survivor), O=old, HS=humongous(starts), HC=humongous(continues), CS=collection set, F=free, A=archive, TS=gc time stamp, AC=allocation context, TAMS=top-at-mark-start (previous, next)
|   0|0x0000000081a00000, 0x0000000081b00000, 0x0000000081b00000|100%|HS|  |TS  0|AC  0|TAMS 0x0000000081b00000, 0x0000000081b00000|
|   1|0x0000000081b00000, 0x0000000081c00000, 0x0000000081c00000|100%| O|  |TS  0|AC  0|TAMS 0x0000000081c00000, 0x0000000081c00000|
|   2|0x0000000081c00000, 0x0000000081d00000, 0x0000000081d00000|100%| O|  |TS  0|AC  0|TAMS 0x0000000081d00000, 0x0000000081d00000|
|   3|0x0000000081d00000, 0x0000000081e00000, 0x0000000081e00000|100%| O|  |TS  0|AC  0|TAMS 0x0000000081e00000, 0x0000000081e00000|
|   4|0x0000000081e00000, 0x0000000081f00000, 0x0000000081f00000|100%| O|  |TS  0|AC  0|TAMS 0x0000000081f00000, 0x0000000081f00000|
|   5|0x0000000081f00000, 0x0000000082000000, 0x0000000082000000|100%| O|  |TS  0|AC  0|TAMS 0x0000000082000000, 0x0000000082000000|
|   6|0x0000000082000000, 0x0000000082100000, 0x0000000082100000|100%| O|  |TS  0|AC  0|TAMS 0x0000000082100000, 0x0000000082100000|
|   7|0x0000000082100000, 0x0000000082200000, 0x0000000082200000|100%| O|  |TS  0|AC  0|TAMS 0x0000000082200000, 0x0000000082200000|
|   8|0x0000000082200000, 0x00000000822ff200, 0x0000000082300000| 99%| O|  |TS  0|AC  0|TAMS 0x00000000822ff200, 0x00000000822ff200|
|   9|0x0000000082300000, 0x0000000082300000, 0x0000000082400000|  0%| F|  |TS  0|AC  0|TAMS 0x0000000082300000, 0x0000000082300000|
|  10|0x0000000082400000, 0x0000000082400000, 0x0000000082500000|  0%| F|  |TS  0|AC  0|TAMS 0x0000000082400000, 0x0000000082400000|
|  11|0x0000000082500000, 0x0000000082500000, 0x0000000082600000|  0%| F|  |TS  0|AC  0|TAMS 0x0000000082500000, 0x0000000082500000|
|  12|0x0000000082600000, 0x0000000082600000, 0x0000000082700000|  0%| F|  |TS  0|AC  0|TAMS 0x0000000082600000, 0x0000000082600000|
|  13|0x0000000082700000, 0x0000000082700000, 0x0000000082800000|  0%| F|  |TS  0|AC  0|TAMS 0x0000000082700000, 0x0000000082700000|
|  14|0x0000000082800000, 0x0000000082800000, 0x0000000082900000|  0%| F|  |TS  0|AC  0|TAMS 0x0000000082800000, 0x0000000082800000|
|  15|0x0000000082900000, 0x0000000082900000, 0x0000000082a00000|  0%| F|  |TS  0|AC  0|TAMS 0x0000000082900000, 0x0000000082900000|
|  16|0x0000000082a00000, 0x0000000082a00000, 0x0000000082b00000|  0%| F|  |TS  0|AC  0|TAMS 0x0000000082a00000, 0x0000000082a00000|
|  17|0x0000000082b00000, 0x0000000082b00000, 0x0000000082c00000|  0%| F|  |TS  0|AC  0|TAMS 0x0000000082b00000, 0x0000000082b00000|
|  18|0x0000000082c00000, 0x0000000082c00000, 0x0000000082d00000|  0%| F|  |TS  0|AC  0|TAMS 0x0000000082c00000, 0x0000000082c00000|
|  19|0x0000000082d00000, 0x0000000082d00000, 0x0000000082e00000|  0%| F|  |TS  0|AC  0|TAMS 0x0000000082d00000, 0x0000000082d00000|
|  20|0x0000000082e00000, 0x0000000082e00000, 0x0000000082f00000|  0%| F|  |TS  0|AC  0|TAMS 0x0000000082e00000, 0x0000000082e00000|
|  21|0x0000000082f00000, 0x0000000082f00000, 0x0000000083000000|  0%| F|  |TS  0|AC  0|TAMS 0x0000000082f00000, 0x0000000082f00000|
|  22|0x0000000083000000, 0x0000000083000000, 0x0000000083100000|  0%| F|  |TS  0|AC  0|TAMS 0x0000000083000000, 0x0000000083000000|
|  23|0x0000000083100000, 0x0000000083100000, 0x0000000083200000|  0%| F|  |TS  0|AC  0|TAMS 0x0000000083100000, 0x0000000083100000|
|  24|0x0000000083200000, 0x0000000083200000, 0x0000000083300000|  0%| F|  |TS  0|AC  0|TAMS 0x0000000083200000, 0x0000000083200000|
|  25|0x0000000083300000, 0x0000000083300000, 0x0000000083400000|  0%| F|  |TS  0|AC  0|TAMS 0x0000000083300000, 0x0000000083300000|
|  26|0x0000000083400000, 0x0000000083400000, 0x0000000083500000|  0%| F|  |TS  0|AC  0|TAMS 0x0000000083400000, 0x0000000083400000|
|  27|0x0000000083500000, 0x0000000083500000, 0x0000000083600000|  0%| F|  |TS  0|AC  0|TAMS 0x0000000083500000, 0x0000000083500000|
|  28|0x0000000083600000, 0x0000000083600000, 0x0000000083700000|  0%| F|  |TS  0|AC  0|TAMS 0x0000000083600000, 0x0000000083600000|
|  29|0x0000000083700000, 0x0000000083700000, 0x0000000083800000|  0%| F|  |TS  0|AC  0|TAMS 0x0000000083700000, 0x0000000083700000|
|  30|0x0000000083800000, 0x0000000083800000, 0x0000000083900000|  0%| F|  |TS  0|AC  0|TAMS 0x0000000083800000, 0x0000000083800000|
|  31|0x0000000083900000, 0x0000000083900000, 0x0000000083a00000|  0%| F|  |TS  0|AC  0|TAMS 0x0000000083900000, 0x0000000083900000|
|  32|0x0000000083a00000, 0x0000000083a00000, 0x0000000083b00000|  0%| F|  |TS  0|AC  0|TAMS 0x0000000083a00000, 0x0000000083a00000|
|  33|0x0000000083b00000, 0x0000000083b00000, 0x0000000083c00000|  0%| F|  |TS  0|AC  0|TAMS 0x0000000083b00000, 0x0000000083b00000|
|  34|0x0000000083c00000, 0x0000000083c00000, 0x0000000083d00000|  0%| F|  |TS  0|AC  0|TAMS 0x0000000083c00000, 0x0000000083c00000|
|  35|0x0000000083d00000, 0x0000000083d00000, 0x0000000083e00000|  0%| F|  |TS  0|AC  0|TAMS 0x0000000083d00000, 0x0000000083d00000|
|  36|0x0000000083e00000, 0x0000000083e00000, 0x0000000083f00000|  0%| F|  |TS  0|AC  0|TAMS 0x0000000083e00000, 0x0000000083e00000|
|  37|0x0000000083f00000, 0x0000000083f00000, 0x0000000084000000|  0%| F|  |TS  0|AC  0|TAMS 0x0000000083f00000, 0x0000000083f00000|
|  38|0x0000000084000000, 0x0000000084000000, 0x0000000084100000|  0%| F|  |TS  0|AC  0|TAMS 0x0000000084000000, 0x0000000084000000|
|  39|0x0000000084100000, 0x0000000084100000, 0x0000000084200000|  0%| F|  |TS  0|AC  0|TAMS 0x0000000084100000, 0x0000000084100000|
|  40|0x0000000084200000, 0x0000000084200000, 0x0000000084300000|  0%| F|  |TS  0|AC  0|TAMS 0x0000000084200000, 0x0000000084200000|
|  41|0x0000000084300000, 0x0000000084300000, 0x0000000084400000|  0%| F|  |TS  0|AC  0|TAMS 0x0000000084300000, 0x0000000084300000|
|  42|0x0000000084400000, 0x0000000084400000, 0x0000000084500000|  0%| F|  |TS  0|AC  0|TAMS 0x0000000084400000, 0x0000000084400000|
|  43|0x0000000084500000, 0x0000000084500000, 0x0000000084600000|  0%| F|  |TS  0|AC  0|TAMS 0x0000000084500000, 0x0000000084500000|
|  44|0x0000000084600000, 0x0000000084600000, 0x0000000084700000|  0%| F|  |TS  0|AC  0|TAMS 0x0000000084600000, 0x0000000084600000|
|  45|0x0000000084700000, 0x0000000084700000, 0x0000000084800000|  0%| F|  |TS  0|AC  0|TAMS 0x0000000084700000, 0x0000000084700000|
|  46|0x0000000084800000, 0x0000000084800000, 0x0000000084900000|  0%| F|  |TS  0|AC  0|TAMS 0x0000000084800000, 0x0000000084800000|
|  47|0x0000000084900000, 0x0000000084900000, 0x0000000084a00000|  0%| F|  |TS  0|AC  0|TAMS 0x0000000084900000, 0x0000000084900000|
|  48|0x0000000084a00000, 0x0000000084a00000, 0x0000000084b00000|  0%| F|  |TS  0|AC  0|TAMS 0x0000000084a00000, 0x0000000084a00000|
|  49|0x0000000084b00000, 0x0000000084b00000, 0x0000000084c00000|  0%| F|  |TS  0|AC  0|TAMS 0x0000000084b00000, 0x0000000084b00000|
|  50|0x0000000084c00000, 0x0000000084c00000, 0x0000000084d00000|  0%| F|  |TS  0|AC  0|TAMS 0x0000000084c00000, 0x0000000084c00000|
|  51|0x0000000084d00000, 0x0000000084d00000, 0x0000000084e00000|  0%| F|  |TS  0|AC  0|TAMS 0x0000000084d00000, 0x0000000084d00000|
|  52|0x0000000084e00000, 0x0000000084e00000, 0x0000000084f00000|  0%| F|  |TS  0|AC  0|TAMS 0x0000000084e00000, 0x0000000084e00000|
|  53|0x0000000084f00000, 0x0000000084f00000, 0x0000000085000000|  0%| F|  |TS  0|AC  0|TAMS 0x0000000084f00000, 0x0000000084f00000|
|  54|0x0000000085000000, 0x0000000085000000, 0x0000000085100000|  0%| F|  |TS  0|AC  0|TAMS 0x0000000085000000, 0x0000000085000000|
|  55|0x0000000085100000, 0x0000000085100000, 0x0000000085200000|  0%| F|  |TS  0|AC  0|TAMS 0x0000000085100000, 0x0000000085100000|
|  56|0x0000000085200000, 0x0000000085200000, 0x0000000085300000|  0%| F|  |TS  0|AC  0|TAMS 0x0000000085200000, 0x0000000085200000|
|  57|0x0000000085300000, 0x0000000085300000, 0x0000000085400000|  0%| F|  |TS  0|AC  0|TAMS 0x0000000085300000, 0x0000000085300000|
|  58|0x0000000085400000, 0x0000000085400000, 0x0000000085500000|  0%| F|  |TS  0|AC  0|TAMS 0x0000000085400000, 0x0000000085400000|
|  59|0x0000000085500000, 0x0000000085500000, 0x0000000085600000|  0%| F|  |TS  0|AC  0|TAMS 0x0000000085500000, 0x0000000085500000|
|  60|0x0000000085600000, 0x0000000085600000, 0x0000000085700000|  0%| F|  |TS  0|AC  0|TAMS 0x0000000085600000, 0x0000000085600000|
|  61|0x0000000085700000, 0x0000000085700000, 0x0000000085800000|  0%| F|  |TS  0|AC  0|TAMS 0x0000000085700000, 0x0000000085700000|
|  62|0x0000000085800000, 0x0000000085800000, 0x0000000085900000|  0%| F|  |TS  0|AC  0|TAMS 0x0000000085800000, 0x0000000085800000|
|  63|0x0000000085900000, 0x0000000085900000, 0x0000000085a00000|  0%| F|  |TS  0|AC  0|TAMS 0x0000000085900000, 0x0000000085900000|
|  64|0x0000000085a00000, 0x0000000085a00000, 0x0000000085b00000|  0%| F|  |TS  0|AC  0|TAMS 0x0000000085a00000, 0x0000000085a00000|
|  65|0x0000000085b00000, 0x0000000085b00000, 0x0000000085c00000|  0%| F|  |TS  0|AC  0|TAMS 0x0000000085b00000, 0x0000000085b00000|
|  66|0x0000000085c00000, 0x0000000085c00000, 0x0000000085d00000|  0%| F|  |TS  0|AC  0|TAMS 0x0000000085c00000, 0x0000000085c00000|
|  67|0x0000000085d00000, 0x0000000085d00000, 0x0000000085e00000|  0%| F|  |TS  0|AC  0|TAMS 0x0000000085d00000, 0x0000000085d00000|
|  68|0x0000000085e00000, 0x0000000085e00000, 0x0000000085f00000|  0%| F|  |TS  0|AC  0|TAMS 0x0000000085e00000, 0x0000000085e00000|
|  69|0x0000000085f00000, 0x0000000085f00000, 0x0000000086000000|  0%| F|  |TS  0|AC  0|TAMS 0x0000000085f00000, 0x0000000085f00000|
|  70|0x0000000086000000, 0x0000000086000000, 0x0000000086100000|  0%| F|  |TS  0|AC  0|TAMS 0x0000000086000000, 0x0000000086000000|
|  71|0x0000000086100000, 0x0000000086100000, 0x0000000086200000|  0%| F|  |TS  0|AC  0|TAMS 0x0000000086100000, 0x0000000086100000|
|  72|0x0000000086200000, 0x0000000086200000, 0x0000000086300000|  0%| F|  |TS  0|AC  0|TAMS 0x0000000086200000, 0x0000000086200000|
|  73|0x0000000086300000, 0x0000000086300000, 0x0000000086400000|  0%| F|  |TS  0|AC  0|TAMS 0x0000000086300000, 0x0000000086300000|
|  74|0x0000000086400000, 0x0000000086400000, 0x0000000086500000|  0%| F|  |TS  0|AC  0|TAMS 0x0000000086400000, 0x0000000086400000|
|  75|0x0000000086500000, 0x0000000086500000, 0x0000000086600000|  0%| F|  |TS  0|AC  0|TAMS 0x0000000086500000, 0x0000000086500000|
|  76|0x0000000086600000, 0x0000000086600000, 0x0000000086700000|  0%| F|  |TS  0|AC  0|TAMS 0x0000000086600000, 0x0000000086600000|
|  77|0x0000000086700000, 0x0000000086700000, 0x0000000086800000|  0%| F|  |TS  0|AC  0|TAMS 0x0000000086700000, 0x0000000086700000|
|  78|0x0000000086800000, 0x0000000086800000, 0x0000000086900000|  0%| F|  |TS  0|AC  0|TAMS 0x0000000086800000, 0x0000000086800000|
|  79|0x0000000086900000, 0x0000000086a00000, 0x0000000086a00000|100%| E|  |TS  0|AC  0|TAMS 0x0000000086900000, 0x0000000086900000|
|  80|0x0000000086a00000, 0x0000000086b00000, 0x0000000086b00000|100%| E|CS|TS  0|AC  0|TAMS 0x0000000086a00000, 0x0000000086a00000|
|  81|0x0000000086b00000, 0x0000000086c00000, 0x0000000086c00000|100%| E|CS|TS  0|AC  0|TAMS 0x0000000086b00000, 0x0000000086b00000|
|  82|0x0000000086c00000, 0x0000000086d00000, 0x0000000086d00000|100%| E|CS|TS  0|AC  0|TAMS 0x0000000086c00000, 0x0000000086c00000|
|  83|0x0000000086d00000, 0x0000000086e00000, 0x0000000086e00000|100%| E|CS|TS  0|AC  0|TAMS 0x0000000086d00000, 0x0000000086d00000|
|  84|0x0000000086e00000, 0x0000000086f00000, 0x0000000086f00000|100%| E|CS|TS  0|AC  0|TAMS 0x0000000086e00000, 0x0000000086e00000|
|  85|0x0000000086f00000, 0x0000000087000000, 0x0000000087000000|100%| E|CS|TS  0|AC  0|TAMS 0x0000000086f00000, 0x0000000086f00000|
|  86|0x0000000087000000, 0x0000000087100000, 0x0000000087100000|100%| E|CS|TS  0|AC  0|TAMS 0x0000000087000000, 0x0000000087000000|
|  87|0x0000000087100000, 0x0000000087200000, 0x0000000087200000|100%| E|CS|TS  0|AC  0|TAMS 0x0000000087100000, 0x0000000087100000|
|  88|0x0000000087200000, 0x0000000087300000, 0x0000000087300000|100%| E|CS|TS  0|AC  0|TAMS 0x0000000087200000, 0x0000000087200000|
|  89|0x0000000087300000, 0x0000000087400000, 0x0000000087400000|100%| E|CS|TS  0|AC  0|TAMS 0x0000000087300000, 0x0000000087300000|
|  90|0x0000000087400000, 0x0000000087500000, 0x0000000087500000|100%| E|CS|TS  0|AC  0|TAMS 0x0000000087400000, 0x0000000087400000|
|  91|0x0000000087500000, 0x0000000087600000, 0x0000000087600000|100%| E|CS|TS  0|AC  0|TAMS 0x0000000087500000, 0x0000000087500000|
|  92|0x0000000087600000, 0x0000000087700000, 0x0000000087700000|100%| E|CS|TS  0|AC  0|TAMS 0x0000000087600000, 0x0000000087600000|
|  93|0x0000000087700000, 0x0000000087800000, 0x0000000087800000|100%| E|CS|TS  0|AC  0|TAMS 0x0000000087700000, 0x0000000087700000|
|  94|0x0000000087800000, 0x0000000087900000, 0x0000000087900000|100%| E|CS|TS  0|AC  0|TAMS 0x0000000087800000, 0x0000000087800000|
|  95|0x0000000087900000, 0x0000000087a00000, 0x0000000087a00000|100%| E|CS|TS  0|AC  0|TAMS 0x0000000087900000, 0x0000000087900000|
|  96|0x0000000087a00000, 0x0000000087b00000, 0x0000000087b00000|100%| E|CS|TS  0|AC  0|TAMS 0x0000000087a00000, 0x0000000087a00000|
|  97|0x0000000087b00000, 0x0000000087c00000, 0x0000000087c00000|100%| E|CS|TS  0|AC  0|TAMS 0x0000000087b00000, 0x0000000087b00000|
|  98|0x0000000087c00000, 0x0000000087d00000, 0x0000000087d00000|100%| E|CS|TS  0|AC  0|TAMS 0x0000000087c00000, 0x0000000087c00000|
|  99|0x0000000087d00000, 0x0000000087e00000, 0x0000000087e00000|100%| E|CS|TS  0|AC  0|TAMS 0x0000000087d00000, 0x0000000087d00000|
| 100|0x0000000087e00000, 0x0000000087f00000, 0x0000000087f00000|100%| E|CS|TS  0|AC  0|TAMS 0x0000000087e00000, 0x0000000087e00000|
| 101|0x0000000087f00000, 0x0000000088000000, 0x0000000088000000|100%| E|CS|TS  0|AC  0|TAMS 0x0000000087f00000, 0x0000000087f00000|
| 102|0x0000000088000000, 0x0000000088100000, 0x0000000088100000|100%| E|CS|TS  0|AC  0|TAMS 0x0000000088000000, 0x0000000088000000|
| 103|0x0000000088100000, 0x0000000088200000, 0x0000000088200000|100%| E|CS|TS  0|AC  0|TAMS 0x0000000088100000, 0x0000000088100000|
| 104|0x0000000088200000, 0x0000000088300000, 0x0000000088300000|100%| E|CS|TS  0|AC  0|TAMS 0x0000000088200000, 0x0000000088200000|
| 105|0x0000000088300000, 0x0000000088400000, 0x0000000088400000|100%| E|CS|TS  0|AC  0|TAMS 0x0000000088300000, 0x0000000088300000|
| 106|0x0000000088400000, 0x0000000088500000, 0x0000000088500000|100%| E|CS|TS  0|AC  0|TAMS 0x0000000088400000, 0x0000000088400000|
| 107|0x0000000088500000, 0x0000000088600000, 0x0000000088600000|100%| E|CS|TS  0|AC  0|TAMS 0x0000000088500000, 0x0000000088500000|
| 108|0x0000000088600000, 0x0000000088700000, 0x0000000088700000|100%| E|CS|TS  0|AC  0|TAMS 0x0000000088600000, 0x0000000088600000|
| 109|0x0000000088700000, 0x0000000088800000, 0x0000000088800000|100%| E|CS|TS  0|AC  0|TAMS 0x0000000088700000, 0x0000000088700000|
| 110|0x0000000088800000, 0x0000000088900000, 0x0000000088900000|100%| E|CS|TS  0|AC  0|TAMS 0x0000000088800000, 0x0000000088800000|
| 111|0x0000000088900000, 0x0000000088a00000, 0x0000000088a00000|100%| E|CS|TS  0|AC  0|TAMS 0x0000000088900000, 0x0000000088900000|
| 112|0x0000000088a00000, 0x0000000088b00000, 0x0000000088b00000|100%| E|CS|TS  0|AC  0|TAMS 0x0000000088a00000, 0x0000000088a00000|
| 113|0x0000000088b00000, 0x0000000088c00000, 0x0000000088c00000|100%| E|CS|TS  0|AC  0|TAMS 0x0000000088b00000, 0x0000000088b00000|
| 114|0x0000000088c00000, 0x0000000088d00000, 0x0000000088d00000|100%| E|CS|TS  0|AC  0|TAMS 0x0000000088c00000, 0x0000000088c00000|
| 115|0x0000000088d00000, 0x0000000088e00000, 0x0000000088e00000|100%| E|CS|TS  0|AC  0|TAMS 0x0000000088d00000, 0x0000000088d00000|
| 116|0x0000000088e00000, 0x0000000088f00000, 0x0000000088f00000|100%| E|CS|TS  0|AC  0|TAMS 0x0000000088e00000, 0x0000000088e00000|
| 117|0x0000000088f00000, 0x0000000089000000, 0x0000000089000000|100%| E|CS|TS  0|AC  0|TAMS 0x0000000088f00000, 0x0000000088f00000|
| 118|0x0000000089000000, 0x0000000089100000, 0x0000000089100000|100%| E|CS|TS  0|AC  0|TAMS 0x0000000089000000, 0x0000000089000000|
| 119|0x0000000089100000, 0x0000000089200000, 0x0000000089200000|100%| E|CS|TS  0|AC  0|TAMS 0x0000000089100000, 0x0000000089100000|
| 120|0x0000000089200000, 0x0000000089300000, 0x0000000089300000|100%| E|CS|TS  0|AC  0|TAMS 0x0000000089200000, 0x0000000089200000|
| 121|0x0000000089300000, 0x000000008936d0f8, 0x0000000089400000| 42%| S|CS|TS  0|AC  0|TAMS 0x0000000089300000, 0x0000000089300000|
| 122|0x0000000089400000, 0x0000000089500000, 0x0000000089500000|100%| S|CS|TS  0|AC  0|TAMS 0x0000000089400000, 0x0000000089400000|
| 123|0x0000000089500000, 0x0000000089600000, 0x0000000089600000|100%| E|CS|TS  0|AC  0|TAMS 0x0000000089500000, 0x0000000089500000|
| 124|0x0000000089600000, 0x0000000089700000, 0x0000000089700000|100%| E|CS|TS  0|AC  0|TAMS 0x0000000089600000, 0x0000000089600000|
| 125|0x0000000089700000, 0x0000000089800000, 0x0000000089800000|100%| E|CS|TS  0|AC  0|TAMS 0x0000000089700000, 0x0000000089700000|
| 126|0x0000000089800000, 0x0000000089900000, 0x0000000089900000|100%| E|CS|TS  0|AC  0|TAMS 0x0000000089800000, 0x0000000089800000|
| 127|0x0000000089900000, 0x0000000089a00000, 0x0000000089a00000|100%| E|CS|TS  0|AC  0|TAMS 0x0000000089900000, 0x0000000089900000|

Card table byte_map: [0x000001f47c7c0000,0x000001f47cbc0000] byte_map_base: 0x000001f47c3b3000

Marking Bits (Prev, Next): (CMBitMap*) 0x000001f46058b2d8, (CMBitMap*) 0x000001f46058b2a0
 Prev Bits: [0x000001f400000000, 0x000001f401f98000)
 Next Bits: [0x000001f47cfc0000, 0x000001f47ef58000)

Polling page: 0x000001f4604a0000

CodeHeap 'non-profiled nmethods': size=238336Kb used=3528Kb max_used=3528Kb free=234808Kb
 bounds [0x000001f46cc90000, 0x000001f46d010000, 0x000001f47b550000]
CodeHeap 'non-nmethods': size=7424Kb used=2984Kb max_used=2984Kb free=4439Kb
 bounds [0x000001f46c550000, 0x000001f46c840000, 0x000001f46cc90000]
 total_blobs=2776 nmethods=2283 adapters=407
 compilation: enabled

Compilation events (10 events):
Event: 2.912 Thread 0x000001f47fafe800 2274       1       java.lang.invoke.InnerClassLambdaMetafactory::<init> (240 bytes)
Event: 2.912 Thread 0x000001f47faf8800 2275       1       java.lang.invoke.AbstractValidatingLambdaMetafactory::<init> (474 bytes)
Event: 2.912 Thread 0x000001f47faf7000 2276   !   1       java.lang.invoke.MethodHandles$Lookup::revealDirect (209 bytes)
Event: 2.912 Thread 0x000001f47fb01800 2278       1       java.lang.invoke.AbstractValidatingLambdaMetafactory::validateMetafactoryArgs (607 bytes)
Event: 2.915 Thread 0x000001f47faf7000 nmethod 2276 0x000001f46cff0410 code [0x000001f46cff06e0, 0x000001f46cff1020]
Event: 2.915 Thread 0x000001f47faf7000 2280       1       java.lang.invoke.AbstractValidatingLambdaMetafactory::checkDescriptor (133 bytes)
Event: 2.915 Thread 0x000001f47fafe800 nmethod 2274 0x000001f46cff1610 code [0x000001f46cff1980, 0x000001f46cff2c20]
Event: 2.915 Thread 0x000001f47fafe800 2283       1       java.lang.invoke.InnerClassLambdaMetafactory::spinInnerClass (515 bytes)
Event: 2.918 Thread 0x000001f47faf7000 nmethod 2280 0x000001f46cff3510 code [0x000001f46cff3840, 0x000001f46cff47c0]
Event: 2.918 Thread 0x000001f47faf7000 2284       1       java.util.ArrayList$ArrayListSpliterator::characteristics (4 bytes)

GC Heap History (6 events):
Event: 1.521 GC heap before
{Heap before GC invocations=0 (full 0):
 garbage-first heap   total 131072K, used 25600K [0x0000000081a00000, 0x0000000081b00400, 0x0000000100000000)
  region size 1024K, 24 young (24576K), 0 survivors (0K)
 Metaspace       used 11479K, capacity 11948K, committed 12160K, reserved 1060864K
  class space    used 1207K, capacity 1320K, committed 1408K, reserved 1048576K
}
Event: 1.529 GC heap after
{Heap after GC invocations=1 (full 0):
 garbage-first heap   total 131072K, used 6583K [0x0000000081a00000, 0x0000000081b00400, 0x0000000100000000)
  region size 1024K, 3 young (3072K), 3 survivors (3072K)
 Metaspace       used 11479K, capacity 11948K, committed 12160K, reserved 1060864K
  class space    used 1207K, capacity 1320K, committed 1408K, reserved 1048576K
}
Event: 2.428 GC heap before
{Heap before GC invocations=1 (full 0):
 garbage-first heap   total 131072K, used 81335K [0x0000000081a00000, 0x0000000081b00400, 0x0000000100000000)
  region size 1024K, 76 young (77824K), 3 survivors (3072K)
 Metaspace       used 19797K, capacity 20902K, committed 21120K, reserved 1067008K
  class space    used 2383K, capacity 2613K, committed 2688K, reserved 1048576K
}
Event: 2.445 GC heap after
{Heap after GC invocations=2 (full 0):
 garbage-first heap   total 131072K, used 13608K [0x0000000081a00000, 0x0000000081b00400, 0x0000000100000000)
  region size 1024K, 10 young (10240K), 10 survivors (10240K)
 Metaspace       used 19797K, capacity 20902K, committed 21120K, reserved 1067008K
  class space    used 2383K, capacity 2613K, committed 2688K, reserved 1048576K
}
Event: 2.479 GC heap before
{Heap before GC invocations=2 (full 0):
 garbage-first heap   total 131072K, used 17704K [0x0000000081a00000, 0x0000000081b00400, 0x0000000100000000)
  region size 1024K, 15 young (15360K), 10 survivors (10240K)
 Metaspace       used 20148K, capacity 21226K, committed 21296K, reserved 1069056K
  class space    used 2440K, capacity 2679K, committed 2688K, reserved 1048576K
}
Event: 2.489 GC heap after
{Heap after GC invocations=3 (full 0):
 garbage-first heap   total 131072K, used 10672K [0x0000000081a00000, 0x0000000081b00400, 0x0000000100000000)
  region size 1024K, 2 young (2048K), 2 survivors (2048K)
 Metaspace       used 20148K, capacity 21226K, committed 21296K, reserved 1069056K
  class space    used 2440K, capacity 2679K, committed 2688K, reserved 1048576K
}

Deoptimization events (0 events):
No events

Classes redefined (0 events):
No events

Internal exceptions (10 events):
Event: 2.742 Thread 0x000001f460509800 Exception <a 'java/lang/ClassNotFoundException'{0x0000000087c402a8}: org/springframework/context/EnvironmentAwareCustomizer> (0x0000000087c402a8) thrown at [t:/workspace/hotspot/src/share/vm/classfile/systemDictionary.cpp, line 218]
Event: 2.743 Thread 0x000001f460509800 Exception <a 'java/lang/ClassNotFoundException'{0x0000000087c56198}: org/springframework/beans/factory/AwareCustomizer> (0x0000000087c56198) thrown at [t:/workspace/hotspot/src/share/vm/classfile/systemDictionary.cpp, line 218]
Event: 2.783 Thread 0x000001f460509800 Exception <a 'java/lang/NoSuchMethodError'{0x00000000878d9e00}: java.lang.invoke.DirectMethodHandle$Holder.invokeStatic(Ljava/lang/Object;Ljava/lang/Object;Ljava/lang/Object;Ljava/lang/Object;)I> (0x00000000878d9e00) thrown at [t:/workspace/hotspot/src/sh
Event: 2.783 Thread 0x000001f460509800 Exception <a 'java/lang/NoSuchMethodError'{0x00000000878dcb40}: java.lang.Object.lambda$comparing$77a9974f$1(Ljava/util/function/Function;Ljava/lang/Object;Ljava/lang/Object;)I> (0x00000000878dcb40) thrown at [t:/workspace/hotspot/src/share/vm/interpreter
Event: 2.881 Thread 0x000001f405288000 Exception <a 'java/lang/NoSuchMethodError'{0x0000000086e989f8}: java.lang.invoke.DirectMethodHandle$Holder.invokeSpecial(Ljava/lang/Object;Ljava/lang/Object;)J> (0x0000000086e989f8) thrown at [t:/workspace/hotspot/src/share/vm/interpreter/linkResolver.cpp
Event: 2.888 Thread 0x000001f405288000 Exception <a 'java/lang/NoSuchMethodError'{0x0000000086d0f7a8}: java.lang.invoke.DirectMethodHandle$Holder.invokeStatic(Ljava/lang/Object;Ljava/lang/Object;)J> (0x0000000086d0f7a8) thrown at [t:/workspace/hotspot/src/share/vm/interpreter/linkResolver.cpp,
Event: 2.888 Thread 0x000001f405288000 Exception <a 'java/lang/NoSuchMethodError'{0x0000000086d12628}: java.lang.invoke.DirectMethodHandle$Holder.invokeStaticInit(Ljava/lang/Object;Ljava/lang/Object;)J> (0x0000000086d12628) thrown at [t:/workspace/hotspot/src/share/vm/interpreter/linkResolver.
Event: 2.894 Thread 0x000001f405288000 Exception <a 'java/lang/NoSuchMethodError'{0x0000000086d4f8d0}: java.lang.invoke.DirectMethodHandle$Holder.invokeInterface(Ljava/lang/Object;Ljava/lang/Object;)J> (0x0000000086d4f8d0) thrown at [t:/workspace/hotspot/src/share/vm/interpreter/linkResolver.c
Event: 2.894 Thread 0x000001f405288000 Exception <a 'java/lang/IncompatibleClassChangeError'{0x0000000086d526c0}: Found class java.lang.Object, but interface was expected> (0x0000000086d526c0) thrown at [t:/workspace/hotspot/src/share/vm/interpreter/linkResolver.cpp, line 793]
Event: 2.910 Thread 0x000001f405288000 Exception <a 'java/lang/NoSuchMethodError'{0x0000000086bd84f0}: java.lang.invoke.DirectMethodHandle$Holder.invokeVirtual(Ljava/lang/Object;Ljava/lang/Object;Ljava/lang/Object;Ljava/lang/Object;)Ljava/lang/Object;> (0x0000000086bd84f0) thrown at [t:/worksp

Events (10 events):
Event: 2.916 Thread 0x000001f460509800 DEOPT UNPACKING pc=0x000001f46c59dd3f sp=0x00000036f5efdc38 mode 1
Event: 2.916 Thread 0x000001f460509800 DEOPT PACKING pc=0x000001f46ce7ab1c sp=0x00000036f5efe870
Event: 2.916 Thread 0x000001f460509800 DEOPT UNPACKING pc=0x000001f46c59dd3f sp=0x00000036f5efdd28 mode 1
Event: 2.916 loading class javax/servlet/ServletRegistration
Event: 2.916 loading class javax/servlet/ServletRegistration done
Event: 2.917 loading class javax/servlet/Registration
Event: 2.917 loading class javax/servlet/Registration done
Event: 2.917 loading class org/glassfish/jersey/server/spring/SpringComponentProvider
Event: 2.917 loading class org/glassfish/jersey/server/spring/SpringComponentProvider done
Event: 2.918 Thread 0x000001f460509800 DEOPT PACKING pc=0x000001f46ce7ccc4 sp=0x00000036f5efe7a0


Dynamic libraries:
0x00007ff754a80000 - 0x00007ff754abe000 	C:\Program Files\Java\jdk-9.0.4\bin\java.exe
0x00007ff85f630000 - 0x00007ff85f811000 	C:\WINDOWS\SYSTEM32\ntdll.dll
0x00007ff85ec00000 - 0x00007ff85ecb1000 	C:\WINDOWS\System32\KERNEL32.DLL
0x00007ff85bbe0000 - 0x00007ff85be53000 	C:\WINDOWS\System32\KERNELBASE.dll
0x00007ff85f220000 - 0x00007ff85f2c1000 	C:\WINDOWS\System32\ADVAPI32.dll
0x00007ff85d370000 - 0x00007ff85d40e000 	C:\WINDOWS\System32\msvcrt.dll
0x00007ff85d070000 - 0x00007ff85d0cb000 	C:\WINDOWS\System32\sechost.dll
0x00007ff85d530000 - 0x00007ff85d654000 	C:\WINDOWS\System32\RPCRT4.dll
0x00007ff85cb30000 - 0x00007ff85ccc0000 	C:\WINDOWS\System32\USER32.dll
0x00007ff85baf0000 - 0x00007ff85bb10000 	C:\WINDOWS\System32\win32u.dll
0x00007ff85d6d0000 - 0x00007ff85d6f8000 	C:\WINDOWS\System32\GDI32.dll
0x00007ff85c050000 - 0x00007ff85c1e1000 	C:\WINDOWS\System32\gdi32full.dll
0x00007ff85c9b0000 - 0x00007ff85ca4f000 	C:\WINDOWS\System32\msvcp_win.dll
0x00007ff85b9f0000 - 0x00007ff85bae8000 	C:\WINDOWS\System32\ucrtbase.dll
0x00007ff849cb0000 - 0x00007ff849f19000 	C:\WINDOWS\WinSxS\amd64_microsoft.windows.common-controls_6595b64144ccf1df_6.0.17134.1006_none_d3fbb8f77c940c3f\COMCTL32.dll
0x00007ff85f2d0000 - 0x00007ff85f5f1000 	C:\WINDOWS\System32\combase.dll
0x00007ff846030000 - 0x00007ff84603a000 	C:\WINDOWS\SYSTEM32\VERSION.dll
0x00007ff85bb10000 - 0x00007ff85bb89000 	C:\WINDOWS\System32\bcryptPrimitives.dll
0x00007ff85d410000 - 0x00007ff85d43d000 	C:\WINDOWS\System32\IMM32.DLL
0x00007ff8464f0000 - 0x00007ff8465df000 	C:\Program Files\Java\jdk-9.0.4\bin\msvcr120.dll
0x00007ff846990000 - 0x00007ff846a36000 	C:\Program Files\Java\jdk-9.0.4\bin\msvcp120.dll
0x000000006d9f0000 - 0x000000006e415000 	C:\Program Files\Java\jdk-9.0.4\bin\server\jvm.dll
0x00007ff85d140000 - 0x00007ff85d148000 	C:\WINDOWS\System32\PSAPI.DLL
0x00007ff846320000 - 0x00007ff846329000 	C:\WINDOWS\SYSTEM32\WSOCK32.dll
0x00007ff85d660000 - 0x00007ff85d6cc000 	C:\WINDOWS\System32\WS2_32.dll
0x00007ff8598d0000 - 0x00007ff8598f3000 	C:\WINDOWS\SYSTEM32\WINMM.dll
0x00007ff859700000 - 0x00007ff85972a000 	C:\WINDOWS\SYSTEM32\winmmbase.dll
0x00007ff85bb90000 - 0x00007ff85bbd9000 	C:\WINDOWS\System32\cfgmgr32.dll
0x00007ff853c30000 - 0x00007ff853c3f000 	C:\Program Files\Java\jdk-9.0.4\bin\verify.dll
0x00007ff849b80000 - 0x00007ff849ba7000 	C:\Program Files\Java\jdk-9.0.4\bin\java.dll
0x00007ff8563f0000 - 0x00007ff856426000 	C:\Program Files\Java\jdk-9.0.4\bin\jdwp.dll
0x00007ff8563c0000 - 0x00007ff8563ea000 	C:\Program Files\Java\jdk-9.0.4\bin\instrument.dll
0x00007ff84a0c0000 - 0x00007ff84a0d6000 	C:\Program Files\Java\jdk-9.0.4\bin\zip.dll
0x00007ff853b60000 - 0x00007ff853b6a000 	C:\Program Files\Java\jdk-9.0.4\bin\jimage.dll
0x00007ff85d7b0000 - 0x00007ff85ebf2000 	C:\WINDOWS\System32\SHELL32.dll
0x00007ff85d700000 - 0x00007ff85d7a9000 	C:\WINDOWS\System32\shcore.dll
0x00007ff85c1f0000 - 0x00007ff85c8fe000 	C:\WINDOWS\System32\windows.storage.dll
0x00007ff85ed60000 - 0x00007ff85edb1000 	C:\WINDOWS\System32\shlwapi.dll
0x00007ff85b9b0000 - 0x00007ff85b9c1000 	C:\WINDOWS\System32\kernel.appcore.dll
0x00007ff85b990000 - 0x00007ff85b9af000 	C:\WINDOWS\System32\profapi.dll
0x00007ff85b940000 - 0x00007ff85b98c000 	C:\WINDOWS\System32\powrprof.dll
0x00007ff85b930000 - 0x00007ff85b93a000 	C:\WINDOWS\System32\FLTLIB.DLL
0x00007ff849450000 - 0x00007ff84946a000 	C:\Program Files\Java\jdk-9.0.4\bin\net.dll
0x00007ff854a80000 - 0x00007ff854b5d000 	C:\WINDOWS\SYSTEM32\WINHTTP.dll
0x00007ff85b150000 - 0x00007ff85b1b6000 	C:\WINDOWS\system32\mswsock.dll
0x00007ff8493e0000 - 0x00007ff8493f1000 	C:\Program Files\Java\jdk-9.0.4\bin\nio.dll
0x00007ff8564b0000 - 0x00007ff8564ba000 	C:\Program Files\Java\jdk-9.0.4\bin\dt_socket.dll
0x00007ff85aee0000 - 0x00007ff85af9e000 	C:\WINDOWS\SYSTEM32\DNSAPI.dll
0x00007ff85f210000 - 0x00007ff85f218000 	C:\WINDOWS\System32\NSI.dll
0x00007ff85aea0000 - 0x00007ff85aed8000 	C:\WINDOWS\SYSTEM32\IPHLPAPI.DLL
0x00007ff849290000 - 0x00007ff84929a000 	C:\Windows\System32\rasadhlp.dll
0x00007ff849720000 - 0x00007ff849792000 	C:\WINDOWS\System32\fwpuclnt.dll
0x00007ff85b430000 - 0x00007ff85b455000 	C:\WINDOWS\SYSTEM32\bcrypt.dll
0x00007ff851640000 - 0x00007ff851649000 	C:\Program Files\Java\jdk-9.0.4\bin\management.dll
0x00007ff84d920000 - 0x00007ff84d92a000 	C:\Program Files\Java\jdk-9.0.4\bin\management_ext.dll
0x00007ff85b300000 - 0x00007ff85b317000 	C:\WINDOWS\SYSTEM32\CRYPTSP.dll
0x00007ff85ad00000 - 0x00007ff85ad33000 	C:\WINDOWS\system32\rsaenh.dll
0x00007ff85b860000 - 0x00007ff85b888000 	C:\WINDOWS\SYSTEM32\USERENV.dll
0x00007ff85b320000 - 0x00007ff85b32b000 	C:\WINDOWS\SYSTEM32\CRYPTBASE.dll
0x00007ff84dad0000 - 0x00007ff84dae6000 	C:\WINDOWS\SYSTEM32\dhcpcsvc6.DLL
0x00007ff84db40000 - 0x00007ff84db5a000 	C:\WINDOWS\SYSTEM32\dhcpcsvc.DLL
0x00007ff839150000 - 0x00007ff839166000 	C:\WINDOWS\system32\napinsp.dll
0x00007ff839130000 - 0x00007ff83914a000 	C:\WINDOWS\system32\pnrpnsp.dll
0x00007ff857bc0000 - 0x00007ff857bd9000 	C:\WINDOWS\system32\NLAapi.dll
0x00007ff83e6d0000 - 0x00007ff83e6de000 	C:\WINDOWS\System32\winrnr.dll
0x00007ff8536c0000 - 0x00007ff8536d5000 	C:\WINDOWS\System32\wshbth.dll

VM Arguments:
jvm_args: -agentlib:jdwp=transport=dt_socket,address=127.0.0.1:60785,suspend=y,server=n -XX:TieredStopAtLevel=1 -Xverify:none -Dspring.output.ansi.enabled=always -Dcom.sun.management.jmxremote -Dspring.jmx.enabled=true -Dspring.liveBeansView.mbeanDomain -Dspring.application.admin.enabled=true -javaagent:C:\Users\Tudor\.IntelliJIdea2019.2\system\captureAgent\debugger-agent.jar -Dfile.encoding=UTF-8 
java_command: TechnicalTest
java_class_path (initial): C:\Users\Tudor\Desktop\technical_test\build\classes\java\main;C:\Users\Tudor\Desktop\technical_test\build\classes\kotlin\main;C:\Users\Tudor\Desktop\technical_test\build\resources\main;C:\Users\Tudor\.gradle\caches\modules-2\files-2.1\org.jetbrains.kotlin\kotlin-stdlib\1.3.21\4bcc2012b84840e19e1e28074284cac908be0295\kotlin-stdlib-1.3.21.jar;C:\Users\Tudor\.gradle\caches\modules-2\files-2.1\com.google.guava\guava\18.0\cce0823396aa693798f8882e64213b1772032b09\guava-18.0.jar;C:\Users\Tudor\.gradle\caches\modules-2\files-2.1\org.apache.commons\commons-lang3\3.3.2\90a3822c38ec8c996e84c16a3477ef632cbc87a3\commons-lang3-3.3.2.jar;C:\Users\Tudor\.gradle\caches\modules-2\files-2.1\com.fasterxml.jackson.dataformat\jackson-dataformat-csv\2.9.6\121ecc5519dca8b07237995661543db786833108\jackson-dataformat-csv-2.9.6.jar;C:\Users\Tudor\.gradle\caches\modules-2\files-2.1\org.jgrapht\jgrapht-core\1.3.1\2a60359a72bea12c2336400408cebd0254b63be\jgrapht-core-1.3.1.jar;C:\Users\Tudor\.gradle\caches\modules-2\files-2.1\org.springframework.boot\spring-boot-starter-web\2.1.2.RELEASE\33749ef5bf458829eef0e0c45615bf536521a97a\spring-boot-starter-web-2.1.2.RELEASE.jar;C:\Users\Tudor\.gradle\caches\modules-2\files-2.1\org.springframework.boot\spring-boot-starter-data-jpa\2.1.2.RELEASE\43691a5ea941621098078a86fffaba97481a30ff\spring-boot-starter-data-jpa-2.1.2.RELEASE.jar;C:\Users\Tudor\.gradle\caches\modules-2\files-2.1\org.jetbrains.kotlin\kotlin-stdlib-common\1.3.21\f30e4a9897913e53d778f564110bafa1fef46643\kotlin-stdlib-common-1.3.21.jar;C:\Users\Tudor\.gradle\caches\modules-2\files-2.1\org.jetbrains\annotations\13.0\919f0dfe192fb4e063e7dacadee7f8bb9a2672a9\annotations-13.0.jar;C:\Users\Tudor\.gradle\caches\modules-2\files-2.1\org.springframework.boot\spring-boot-starter-json\2.1.2.RELEASE\db59b1857966985cec2cdb81cd6cfeb315f1c849\spring-boot-starter-json-2.1.2.RELEASE.jar;C:\Users\Tudor\.gradle\caches\modules-2\files-2.1\com.fasterxml.jackson.datatype\jackson-dataty
Launcher Type: SUN_STANDARD

Logging:
Log output configuration:
#0: stdout all=warning uptime,level,tags
#1: stderr all=off uptime,level,tags

Environment Variables:
PATH=C:\ProgramData\Oracle\Java\javapath;C:\WINDOWS\system32;C:\WINDOWS;C:\WINDOWS\System32\Wbem;C:\WINDOWS\System32\WindowsPowerShell\v1.0\;C:\Program Files\Git\cmd;C:\Program Files (x86)\SMLNJ\bin\;C:\Program Files\Microsoft SQL Server\Client SDK\ODBC\130\Tools\Binn\;C:\Program Files (x86)\Microsoft SQL Server\140\Tools\Binn\;C:\Program Files\Microsoft SQL Server\140\Tools\Binn\;C:\Program Files\Microsoft SQL Server\140\DTS\Binn\;C:\WINDOWS\System32\OpenSSH\;C:\Program Files\PuTTY\;C:\Users\Tudor\AppData\Local\Microsoft\WindowsApps;C:\Gradle\gradle-4.7\bin;;C:\Users\Tudor\AppData\Local\Programs\Microsoft VS Code\bin
USERNAME=Tudor
OS=Windows_NT
PROCESSOR_IDENTIFIER=Intel64 Family 6 Model 142 Stepping 10, GenuineIntel



---------------  S Y S T E M  ---------------

OS: Windows 10 , 64 bit Build 17134 (10.0.17134.753)

CPU:total 8 (initial active 8) (4 cores per cpu, 2 threads per core) family 6 model 142 stepping 10, cmov, cx8, fxsr, mmx, sse, sse2, sse3, ssse3, sse4.1, sse4.2, popcnt, avx, avx2, aes, clmul, erms, 3dnowpref, lzcnt, ht, tsc, tscinvbit, bmi1, bmi2, adx, fma

Memory: 4k page, physical 8281292k(1168368k free), swap 12060168k(5136k free)

vm_info: Java HotSpot(TM) 64-Bit Server VM (9.0.4+11) for windows-amd64 JRE (9.0.4+11), built on Dec 20 2017 02:18:54 by "mach5one" with MS VC++ 12.0 (VS2013)

END.
