#
# There is insufficient memory for the Java Runtime Environment to continue.
# Native memory allocation (malloc) failed to allocate 1242880 bytes for Chunk::new
# Possible reasons:
#   The system is out of physical RAM or swap space
#   In 32 bit mode, the process size limit was hit
# Possible solutions:
#   Reduce memory load on the system
#   Increase physical memory or swap space
#   Check if swap backing store is full
#   Use 64 bit Java on a 64 bit OS
#   Decrease Java heap size (-Xmx/-Xms)
#   Decrease number of Java threads
#   Decrease Java thread stack sizes (-Xss)
#   Set larger code cache with -XX:ReservedCodeCacheSize=
# This output file may be truncated or incomplete.
#
#  Out of Memory Error (allocation.cpp:390), pid=8336, tid=0x0000000000002e68
#
# JRE version: OpenJDK Runtime Environment (8.0_152-b06) (build 1.8.0_152-release-1136-b06)
# Java VM: OpenJDK 64-Bit Server VM (25.152-b06 mixed mode windows-amd64 compressed oops)
# Failed to write core dump. Minidumps are not enabled by default on client versions of Windows
#

---------------  T H R E A D  ---------------

Current thread (0x0000000016833000):  JavaThread "C2 CompilerThread2" daemon [_thread_in_native, id=11880, stack(0x00000000171f0000,0x00000000172f0000)]

Stack: [0x00000000171f0000,0x00000000172f0000]
[error occurred during error reporting (printing stack bounds), id 0xc0000005]

Native frames: (J=compiled Java code, j=interpreted, Vv=VM code, C=native code)


Current CompileTask:
C2:  35362 8389       4       org.jetbrains.org.objectweb.asm.ClassReader::readCode (5089 bytes)


---------------  P R O C E S S  ---------------

Java Threads: ( => current thread )
  0x0000000018cc9000 JavaThread "Cache worker for execution history cache (C:\Users\Tudor\.gradle\caches\5.2.1\executionHistory)" [_thread_blocked, id=3168, stack(0x000000001f420000,0x000000001f520000)]
  0x0000000018a96800 JavaThread "Cache worker for cache directory md-rule (C:\Users\Tudor\.gradle\caches\5.2.1\md-rule)" [_thread_blocked, id=5212, stack(0x000000001f320000,0x000000001f420000)]
  0x0000000018a95800 JavaThread "Cache worker for cache directory md-supplier (C:\Users\Tudor\.gradle\caches\5.2.1\md-supplier)" [_thread_blocked, id=5876, stack(0x000000001f000000,0x000000001f100000)]
  0x0000000018a92800 JavaThread "Cache worker for file hash cache (C:\Users\Tudor\Desktop\technical_test\.gradle\5.2.1\fileHashes)" [_thread_blocked, id=10544, stack(0x000000001c6e0000,0x000000001c7e0000)]
  0x0000000018a98000 JavaThread "Cache worker for journal cache (C:\Users\Tudor\.gradle\caches\journal-1)" [_thread_blocked, id=5144, stack(0x000000001a240000,0x000000001a340000)]
  0x0000000018a97000 JavaThread "File lock request listener" [_thread_in_native, id=11312, stack(0x000000001a140000,0x000000001a240000)]
  0x00000000187a1000 JavaThread "Cache worker for file hash cache (C:\Users\Tudor\.gradle\caches\5.2.1\fileHashes)" [_thread_blocked, id=5052, stack(0x000000001a040000,0x000000001a140000)]
  0x00000000188e0800 JavaThread "Thread-8" [_thread_blocked, id=16200, stack(0x0000000019f40000,0x000000001a040000)]
  0x00000000188dd800 JavaThread "Stdin handler" [_thread_blocked, id=5928, stack(0x0000000019d40000,0x0000000019e40000)]
  0x00000000188dd000 JavaThread "Asynchronous log dispatcher for DefaultDaemonConnection: socket connection from /127.0.0.1:53561 to /127.0.0.1:53562" [_thread_blocked, id=11828, stack(0x0000000019c40000,0x0000000019d40000)]
  0x000000001895a000 JavaThread "Daemon worker" [_thread_in_Java, id=14824, stack(0x0000000019940000,0x0000000019a40000)]
  0x000000001895e000 JavaThread "Cancel handler" [_thread_blocked, id=9768, stack(0x0000000019840000,0x0000000019940000)]
  0x000000001897e800 JavaThread "Handler for socket connection from /127.0.0.1:53561 to /127.0.0.1:53562" [_thread_in_native, id=15104, stack(0x0000000019740000,0x0000000019840000)]
  0x000000001861c800 JavaThread "Daemon" [_thread_blocked, id=7452, stack(0x0000000019640000,0x0000000019740000)]
  0x000000001869a000 JavaThread "Daemon periodic checks" [_thread_blocked, id=14072, stack(0x0000000019540000,0x0000000019640000)]
  0x00000000186ac000 JavaThread "Incoming local TCP Connector on port 53561" [_thread_in_native, id=16656, stack(0x0000000019300000,0x0000000019400000)]
  0x00000000168d2800 JavaThread "Service Thread" daemon [_thread_blocked, id=4308, stack(0x00000000173f0000,0x00000000174f0000)]
  0x000000001493e000 JavaThread "C1 CompilerThread3" daemon [_thread_in_native, id=8088, stack(0x00000000172f0000,0x00000000173f0000)]
=>0x0000000016833000 JavaThread "C2 CompilerThread2" daemon [_thread_in_native, id=11880, stack(0x00000000171f0000,0x00000000172f0000)]
  0x0000000016832000 JavaThread "C2 CompilerThread1" daemon [_thread_in_native, id=1028, stack(0x00000000170f0000,0x00000000171f0000)]
  0x000000001682c800 JavaThread "C2 CompilerThread0" daemon [_thread_in_native, id=14384, stack(0x0000000016ff0000,0x00000000170f0000)]
  0x0000000016829800 JavaThread "Attach Listener" daemon [_thread_blocked, id=16228, stack(0x0000000016ef0000,0x0000000016ff0000)]
  0x0000000016828000 JavaThread "Signal Dispatcher" daemon [_thread_blocked, id=16176, stack(0x0000000016df0000,0x0000000016ef0000)]
  0x0000000003169000 JavaThread "Finalizer" daemon [_thread_blocked, id=780, stack(0x0000000016c00000,0x0000000016d00000)]
  0x0000000003165000 JavaThread "Reference Handler" daemon [_thread_blocked, id=13964, stack(0x0000000016700000,0x0000000016800000)]
  0x0000000002f5d800 JavaThread "main" [_thread_blocked, id=17416, stack(0x0000000002f60000,0x0000000003060000)]

Other Threads:
  0x0000000014927800 VMThread [stack: 0x0000000016600000,0x0000000016700000] [id=14592]
  0x00000000168d3800 WatcherThread [stack: 0x00000000174f0000,0x00000000175f0000] [id=9636]

VM state:not at safepoint (normal execution)

VM Mutex/Monitor currently owned by a thread: None

Heap:
 PSYoungGen      total 146944K, used 36998K [0x00000000f5580000, 0x0000000100000000, 0x0000000100000000)
  eden space 130560K, 15% used [0x00000000f5580000,0x00000000f69a1ca0,0x00000000fd500000)
  from space 16384K, 99% used [0x00000000ff000000,0x00000000fffffce8,0x0000000100000000)
  to   space 22016K, 0% used [0x00000000fd500000,0x00000000fd500000,0x00000000fea80000)
 ParOldGen       total 152064K, used 47491K [0x00000000e0000000, 0x00000000e9480000, 0x00000000f5580000)
  object space 152064K, 31% used [0x00000000e0000000,0x00000000e2e60ce8,0x00000000e9480000)
 Metaspace       used 67697K, capacity 68939K, committed 69504K, reserved 1110016K
  class space    used 8877K, capacity 9220K, committed 9344K, reserved 1048576K

Card table byte_map: [0x0000000012530000,0x0000000012640000] byte_map_base: 0x0000000011e30000

Marking Bits: (ParMarkBitMap*) 0x0000000052135aa0
 Begin Bits: [0x0000000012e40000, 0x0000000013640000)
 End Bits:   [0x0000000013640000, 0x0000000013e40000)

Polling page: 0x0000000000df0000

CodeCache: size=245760Kb used=27303Kb max_used=27303Kb free=218456Kb
 bounds [0x0000000003170000, 0x0000000004c40000, 0x0000000012170000]
 total_blobs=8377 nmethods=7571 adapters=718
 compilation: enabled

Compilation events (10 events):
Event: 35.337 Thread 0x000000001493e000 nmethod 8795 0x0000000004c27e10 code [0x0000000004c27fa0, 0x0000000004c28378]
Event: 35.339 Thread 0x000000001493e000 8798       3       org.jetbrains.kotlin.types.FlexibleType::getArguments (8 bytes)
Event: 35.340 Thread 0x000000001493e000 nmethod 8798 0x0000000004c284d0 code [0x0000000004c28640, 0x0000000004c28918]
Event: 35.340 Thread 0x000000001493e000 8799       3       org.jetbrains.kotlin.resolve.calls.inference.TypeBoundsImpl::getValues (27 bytes)
Event: 35.340 Thread 0x000000001493e000 nmethod 8799 0x0000000004c28a10 code [0x0000000004c28be0, 0x0000000004c29258]
Event: 35.340 Thread 0x000000001493e000 8800       3       org.jetbrains.kotlin.types.FlexibleTypeImpl::isTypeVariable (44 bytes)
Event: 35.341 Thread 0x000000001493e000 nmethod 8800 0x0000000004c29550 code [0x0000000004c29720, 0x0000000004c2a0a8]
Event: 35.341 Thread 0x000000001493e000 8801       3       org.jetbrains.kotlin.descriptors.annotations.TargetedAnnotations::iterator (10 bytes)
Event: 35.341 Thread 0x000000001493e000 nmethod 8801 0x0000000004c2a290 code [0x0000000004c2a400, 0x0000000004c2a628]
Event: 35.341 Thread 0x000000001493e000 8803       3       org.jetbrains.kotlin.resolve.calls.inference.ConstraintSystemBuilderImpl::fixVariable (206 bytes)

GC Heap History (10 events):
Event: 27.897 GC heap before
{Heap before GC invocations=91 (full 2):
 PSYoungGen      total 169472K, used 169464K [0x00000000f5580000, 0x0000000100000000, 0x0000000100000000)
  eden space 165376K, 100% used [0x00000000f5580000,0x00000000ff700000,0x00000000ff700000)
  from space 4096K, 99% used [0x00000000ffc00000,0x00000000ffffe3a0,0x0000000100000000)
  to   space 4608K, 0% used [0x00000000ff700000,0x00000000ff700000,0x00000000ffb80000)
 ParOldGen       total 91648K, used 45125K [0x00000000e0000000, 0x00000000e5980000, 0x00000000f5580000)
  object space 91648K, 49% used [0x00000000e0000000,0x00000000e2c11478,0x00000000e5980000)
 Metaspace       used 45250K, capacity 46016K, committed 46464K, reserved 1089536K
  class space    used 6011K, capacity 6248K, committed 6272K, reserved 1048576K
Event: 27.909 GC heap after
Heap after GC invocations=91 (full 2):
 PSYoungGen      total 169984K, used 4582K [0x00000000f5580000, 0x0000000100000000, 0x0000000100000000)
  eden space 165376K, 0% used [0x00000000f5580000,0x00000000f5580000,0x00000000ff700000)
  from space 4608K, 99% used [0x00000000ff700000,0x00000000ffb79a20,0x00000000ffb80000)
  to   space 4608K, 0% used [0x00000000ffb80000,0x00000000ffb80000,0x0000000100000000)
 ParOldGen       total 91648K, used 51302K [0x00000000e0000000, 0x00000000e5980000, 0x00000000f5580000)
  object space 91648K, 55% used [0x00000000e0000000,0x00000000e32198f0,0x00000000e5980000)
 Metaspace       used 45250K, capacity 46016K, committed 46464K, reserved 1089536K
  class space    used 6011K, capacity 6248K, committed 6272K, reserved 1048576K
}
Event: 30.071 GC heap before
{Heap before GC invocations=92 (full 2):
 PSYoungGen      total 169984K, used 169958K [0x00000000f5580000, 0x0000000100000000, 0x0000000100000000)
  eden space 165376K, 100% used [0x00000000f5580000,0x00000000ff700000,0x00000000ff700000)
  from space 4608K, 99% used [0x00000000ff700000,0x00000000ffb79a20,0x00000000ffb80000)
  to   space 4608K, 0% used [0x00000000ffb80000,0x00000000ffb80000,0x0000000100000000)
 ParOldGen       total 91648K, used 51302K [0x00000000e0000000, 0x00000000e5980000, 0x00000000f5580000)
  object space 91648K, 55% used [0x00000000e0000000,0x00000000e32198f0,0x00000000e5980000)
 Metaspace       used 51067K, capacity 51945K, committed 52480K, reserved 1095680K
  class space    used 6834K, capacity 7089K, committed 7168K, reserved 1048576K
Event: 30.095 GC heap after
Heap after GC invocations=92 (full 2):
 PSYoungGen      total 146432K, used 4579K [0x00000000f5580000, 0x0000000100000000, 0x0000000100000000)
  eden space 141824K, 0% used [0x00000000f5580000,0x00000000f5580000,0x00000000fe000000)
  from space 4608K, 99% used [0x00000000ffb80000,0x00000000ffff8d90,0x0000000100000000)
  to   space 16384K, 0% used [0x00000000fe000000,0x00000000fe000000,0x00000000ff000000)
 ParOldGen       total 91648K, used 75193K [0x00000000e0000000, 0x00000000e5980000, 0x00000000f5580000)
  object space 91648K, 82% used [0x00000000e0000000,0x00000000e496e7b8,0x00000000e5980000)
 Metaspace       used 51067K, capacity 51945K, committed 52480K, reserved 1095680K
  class space    used 6834K, capacity 7089K, committed 7168K, reserved 1048576K
}
Event: 31.232 GC heap before
{Heap before GC invocations=93 (full 2):
 PSYoungGen      total 146432K, used 94992K [0x00000000f5580000, 0x0000000100000000, 0x0000000100000000)
  eden space 141824K, 63% used [0x00000000f5580000,0x00000000fadcb668,0x00000000fe000000)
  from space 4608K, 99% used [0x00000000ffb80000,0x00000000ffff8d90,0x0000000100000000)
  to   space 16384K, 0% used [0x00000000fe000000,0x00000000fe000000,0x00000000ff000000)
 ParOldGen       total 91648K, used 75193K [0x00000000e0000000, 0x00000000e5980000, 0x00000000f5580000)
  object space 91648K, 82% used [0x00000000e0000000,0x00000000e496e7b8,0x00000000e5980000)
 Metaspace       used 57715K, capacity 58601K, committed 59136K, reserved 1099776K
  class space    used 7545K, capacity 7803K, committed 7936K, reserved 1048576K
Event: 31.246 GC heap after
Heap after GC invocations=93 (full 2):
 PSYoungGen      total 158208K, used 16357K [0x00000000f5580000, 0x0000000100000000, 0x0000000100000000)
  eden space 141824K, 0% used [0x00000000f5580000,0x00000000f5580000,0x00000000fe000000)
  from space 16384K, 99% used [0x00000000fe000000,0x00000000feff9538,0x00000000ff000000)
  to   space 16384K, 0% used [0x00000000ff000000,0x00000000ff000000,0x0000000100000000)
 ParOldGen       total 91648K, used 75644K [0x00000000e0000000, 0x00000000e5980000, 0x00000000f5580000)
  object space 91648K, 82% used [0x00000000e0000000,0x00000000e49df190,0x00000000e5980000)
 Metaspace       used 57715K, capacity 58601K, committed 59136K, reserved 1099776K
  class space    used 7545K, capacity 7803K, committed 7936K, reserved 1048576K
}
Event: 31.246 GC heap before
{Heap before GC invocations=94 (full 3):
 PSYoungGen      total 158208K, used 16357K [0x00000000f5580000, 0x0000000100000000, 0x0000000100000000)
  eden space 141824K, 0% used [0x00000000f5580000,0x00000000f5580000,0x00000000fe000000)
  from space 16384K, 99% used [0x00000000fe000000,0x00000000feff9538,0x00000000ff000000)
  to   space 16384K, 0% used [0x00000000ff000000,0x00000000ff000000,0x0000000100000000)
 ParOldGen       total 91648K, used 75644K [0x00000000e0000000, 0x00000000e5980000, 0x00000000f5580000)
  object space 91648K, 82% used [0x00000000e0000000,0x00000000e49df190,0x00000000e5980000)
 Metaspace       used 57715K, capacity 58601K, committed 59136K, reserved 1099776K
  class space    used 7545K, capacity 7803K, committed 7936K, reserved 1048576K
Event: 31.575 GC heap after
Heap after GC invocations=94 (full 3):
 PSYoungGen      total 158208K, used 0K [0x00000000f5580000, 0x0000000100000000, 0x0000000100000000)
  eden space 141824K, 0% used [0x00000000f5580000,0x00000000f5580000,0x00000000fe000000)
  from space 16384K, 0% used [0x00000000fe000000,0x00000000fe000000,0x00000000ff000000)
  to   space 16384K, 0% used [0x00000000ff000000,0x00000000ff000000,0x0000000100000000)
 ParOldGen       total 152064K, used 46842K [0x00000000e0000000, 0x00000000e9480000, 0x00000000f5580000)
  object space 152064K, 30% used [0x00000000e0000000,0x00000000e2dbe880,0x00000000e9480000)
 Metaspace       used 57715K, capacity 58601K, committed 59136K, reserved 1099776K
  class space    used 7545K, capacity 7803K, committed 7936K, reserved 1048576K
}
Event: 34.867 GC heap before
{Heap before GC invocations=95 (full 3):
 PSYoungGen      total 158208K, used 141824K [0x00000000f5580000, 0x0000000100000000, 0x0000000100000000)
  eden space 141824K, 100% used [0x00000000f5580000,0x00000000fe000000,0x00000000fe000000)
  from space 16384K, 0% used [0x00000000fe000000,0x00000000fe000000,0x00000000ff000000)
  to   space 16384K, 0% used [0x00000000ff000000,0x00000000ff000000,0x0000000100000000)
 ParOldGen       total 152064K, used 46842K [0x00000000e0000000, 0x00000000e9480000, 0x00000000f5580000)
  object space 152064K, 30% used [0x00000000e0000000,0x00000000e2dbe880,0x00000000e9480000)
 Metaspace       used 66916K, capacity 68165K, committed 68608K, reserved 1107968K
  class space    used 8822K, capacity 9183K, committed 9216K, reserved 1048576K
Event: 34.877 GC heap after
Heap after GC invocations=95 (full 3):
 PSYoungGen      total 146944K, used 16383K [0x00000000f5580000, 0x0000000100000000, 0x0000000100000000)
  eden space 130560K, 0% used [0x00000000f5580000,0x00000000f5580000,0x00000000fd500000)
  from space 16384K, 99% used [0x00000000ff000000,0x00000000fffffce8,0x0000000100000000)
  to   space 22016K, 0% used [0x00000000fd500000,0x00000000fd500000,0x00000000fea80000)
 ParOldGen       total 152064K, used 47491K [0x00000000e0000000, 0x00000000e9480000, 0x00000000f5580000)
  object space 152064K, 31% used [0x00000000e0000000,0x00000000e2e60ce8,0x00000000e9480000)
 Metaspace       used 66916K, capacity 68165K, committed 68608K, reserved 1107968K
  class space    used 8822K, capacity 9183K, committed 9216K, reserved 1048576K
}

Deoptimization events (10 events):
Event: 35.054 Thread 0x000000001895a000 Uncommon trap: reason=bimorphic action=maybe_recompile pc=0x0000000004973038 method=org.jetbrains.kotlin.resolve.scopes.ChainedMemberScope.getContributedClassifier(Lorg/jetbrains/kotlin/name/Name;Lorg/jetbrains/kotlin/incremental/components/LookupLocation
Event: 35.169 Thread 0x000000001895a000 Uncommon trap: reason=unstable_if action=reinterpret pc=0x00000000037e8e10 method=org.jetbrains.kotlin.types.KotlinTypeKt.isError(Lorg/jetbrains/kotlin/types/KotlinType;)Z @ 24
Event: 35.290 Thread 0x000000001895a000 Uncommon trap: reason=class_check action=maybe_recompile pc=0x0000000003a9381c method=org.jetbrains.kotlin.resolve.DescriptorUtils.isAnonymousObject(Lorg/jetbrains/kotlin/descriptors/DeclarationDescriptor;)Z @ 8
Event: 35.295 Thread 0x000000001895a000 Uncommon trap: reason=class_check action=maybe_recompile pc=0x0000000003a9381c method=org.jetbrains.kotlin.resolve.DescriptorUtils.isAnonymousObject(Lorg/jetbrains/kotlin/descriptors/DeclarationDescriptor;)Z @ 8
Event: 35.301 Thread 0x000000001895a000 Uncommon trap: reason=class_check action=maybe_recompile pc=0x0000000003a9381c method=org.jetbrains.kotlin.resolve.DescriptorUtils.isAnonymousObject(Lorg/jetbrains/kotlin/descriptors/DeclarationDescriptor;)Z @ 8
Event: 35.311 Thread 0x000000001895a000 Uncommon trap: reason=speculate_class_check action=maybe_recompile pc=0x0000000004be7734 method=org.jetbrains.kotlin.types.KotlinType.equals(Ljava/lang/Object;)Z @ 20
Event: 35.311 Thread 0x000000001895a000 Uncommon trap: reason=speculate_class_check action=maybe_recompile pc=0x0000000004be7734 method=org.jetbrains.kotlin.types.KotlinType.equals(Ljava/lang/Object;)Z @ 20
Event: 35.311 Thread 0x000000001895a000 Uncommon trap: reason=speculate_class_check action=maybe_recompile pc=0x0000000004be7734 method=org.jetbrains.kotlin.types.KotlinType.equals(Ljava/lang/Object;)Z @ 20
Event: 35.311 Thread 0x000000001895a000 Uncommon trap: reason=speculate_class_check action=maybe_recompile pc=0x0000000004be7734 method=org.jetbrains.kotlin.types.KotlinType.equals(Ljava/lang/Object;)Z @ 20
Event: 35.316 Thread 0x000000001895a000 Uncommon trap: reason=class_check action=maybe_recompile pc=0x0000000003a9381c method=org.jetbrains.kotlin.resolve.DescriptorUtils.isAnonymousObject(Lorg/jetbrains/kotlin/descriptors/DeclarationDescriptor;)Z @ 8

Classes redefined (0 events):
No events

Internal exceptions (10 events):
Event: 31.710 Thread 0x000000001895a000 Implicit null exception at 0x000000000431d9d4 to 0x000000000431dbac
Event: 32.399 Thread 0x000000001895a000 Exception <a 'java/lang/NoSuchMethodError': java.lang.Object.lambda$static$0(I)[Lorg/jetbrains/kotlin/com/intellij/psi/PsiClass;> (0x00000000f9213338) thrown at [D:\src\AOSP-openjdk-cygwin\jdk8u\hotspot\src\share\vm\interpreter\linkResolver.cpp, line 584]
Event: 32.419 Thread 0x000000001895a000 Exception <a 'java/lang/NoSuchMethodError': java.lang.Object.lambda$static$0(I)[Lorg/jetbrains/kotlin/com/intellij/psi/PsiTypeParameter;> (0x00000000f938cec8) thrown at [D:\src\AOSP-openjdk-cygwin\jdk8u\hotspot\src\share\vm\interpreter\linkResolver.cpp, l
Event: 32.612 Thread 0x000000001895a000 Exception <a 'java/lang/NoSuchMethodError': java.lang.Object.lambda$static$0(I)[Lorg/jetbrains/kotlin/com/intellij/psi/PsiReference;> (0x00000000f9f7f8c0) thrown at [D:\src\AOSP-openjdk-cygwin\jdk8u\hotspot\src\share\vm\interpreter\linkResolver.cpp, line 
Event: 32.626 Thread 0x000000001895a000 Exception <a 'java/lang/NoSuchMethodError': java.lang.Object.lambda$static$0(I)[Lorg/jetbrains/kotlin/com/intellij/psi/PsiTypeElement;> (0x00000000fa090108) thrown at [D:\src\AOSP-openjdk-cygwin\jdk8u\hotspot\src\share\vm\interpreter\linkResolver.cpp, lin
Event: 33.505 Thread 0x000000001895a000 Exception <a 'java/lang/NoSuchMethodError': java.lang.Object.lambda$static$0(I)[Lorg/jetbrains/kotlin/com/intellij/psi/PsiMethod;> (0x00000000faf30420) thrown at [D:\src\AOSP-openjdk-cygwin\jdk8u\hotspot\src\share\vm\interpreter\linkResolver.cpp, line 584
Event: 33.735 Thread 0x000000001895a000 Exception <a 'java/lang/NoSuchMethodError': java.lang.Object.lambda$static$0(I)[Lorg/jetbrains/kotlin/com/intellij/psi/PsiNameValuePair;> (0x00000000fb0ad670) thrown at [D:\src\AOSP-openjdk-cygwin\jdk8u\hotspot\src\share\vm\interpreter\linkResolver.cpp, l
Event: 33.834 Thread 0x000000001895a000 Implicit null exception at 0x00000000046e9f92 to 0x00000000046ea1fd
Event: 33.990 Thread 0x000000001895a000 Exception <a 'java/lang/NoSuchMethodError': java.lang.Object.lambda$static$0(I)[Lorg/jetbrains/kotlin/com/intellij/psi/PsiField;> (0x00000000fbb5c450) thrown at [D:\src\AOSP-openjdk-cygwin\jdk8u\hotspot\src\share\vm\interpreter\linkResolver.cpp, line 584]
Event: 34.028 Thread 0x000000001895a000 Exception <a 'java/lang/NoSuchMethodError': java.lang.Object.lambda$static$0(I)[Lorg/jetbrains/kotlin/com/intellij/psi/PsiAnnotationMemberValue;> (0x00000000fbd86138) thrown at [D:\src\AOSP-openjdk-cygwin\jdk8u\hotspot\src\share\vm\interpreter\linkResolve

Events (10 events):
Event: 35.311 Thread 0x000000001895a000 DEOPT PACKING pc=0x0000000004be7734 sp=0x0000000019a38110
Event: 35.311 Thread 0x000000001895a000 DEOPT UNPACKING pc=0x00000000031b557b sp=0x0000000019a380c8 mode 2
Event: 35.311 Thread 0x000000001895a000 Uncommon trap: trap_request=0xffffff76 fr.pc=0x0000000004be7734
Event: 35.311 Thread 0x000000001895a000 DEOPT PACKING pc=0x0000000004be7734 sp=0x0000000019a38110
Event: 35.311 Thread 0x000000001895a000 DEOPT UNPACKING pc=0x00000000031b557b sp=0x0000000019a380c8 mode 2
Event: 35.312 Executing VM operation: ForceSafepoint
Event: 35.312 Executing VM operation: ForceSafepoint done
Event: 35.316 Thread 0x000000001895a000 Uncommon trap: trap_request=0xffffffde fr.pc=0x0000000003a9381c
Event: 35.316 Thread 0x000000001895a000 DEOPT PACKING pc=0x0000000003a9381c sp=0x0000000019a39070
Event: 35.316 Thread 0x000000001895a000 DEOPT UNPACKING pc=0x00000000031b557b sp=0x0000000019a38f10 mode 2


Dynamic libraries:
0x00007ff7a1d90000 - 0x00007ff7a1dc1000 	C:\Program Files\Android\Android Studio\jre\bin\java.exe
0x00007ffba33c0000 - 0x00007ffba35a1000 	C:\WINDOWS\SYSTEM32\ntdll.dll
0x00007ffba0fa0000 - 0x00007ffba1051000 	C:\WINDOWS\System32\KERNEL32.DLL
0x00007ffba05c0000 - 0x00007ffba0833000 	C:\WINDOWS\System32\KERNELBASE.dll
0x00007ffba1c50000 - 0x00007ffba1cf1000 	C:\WINDOWS\System32\ADVAPI32.dll
0x00007ffba1480000 - 0x00007ffba151e000 	C:\WINDOWS\System32\msvcrt.dll
0x00007ffba3330000 - 0x00007ffba338b000 	C:\WINDOWS\System32\sechost.dll
0x00007ffba1b20000 - 0x00007ffba1c44000 	C:\WINDOWS\System32\RPCRT4.dll
0x00007ffba1210000 - 0x00007ffba13a0000 	C:\WINDOWS\System32\USER32.dll
0x00007ffba02a0000 - 0x00007ffba02c0000 	C:\WINDOWS\System32\win32u.dll
0x00007ffba08a0000 - 0x00007ffba08c8000 	C:\WINDOWS\System32\GDI32.dll
0x00007ffba0320000 - 0x00007ffba04b1000 	C:\WINDOWS\System32\gdi32full.dll
0x00007ffb9f800000 - 0x00007ffb9f89f000 	C:\WINDOWS\System32\msvcp_win.dll
0x00007ffba04c0000 - 0x00007ffba05b8000 	C:\WINDOWS\System32\ucrtbase.dll
0x00007ffb890c0000 - 0x00007ffb89329000 	C:\WINDOWS\WinSxS\amd64_microsoft.windows.common-controls_6595b64144ccf1df_6.0.17134.1006_none_d3fbb8f77c940c3f\COMCTL32.dll
0x00007ffba0970000 - 0x00007ffba0c91000 	C:\WINDOWS\System32\combase.dll
0x00007ffb9f780000 - 0x00007ffb9f7f9000 	C:\WINDOWS\System32\bcryptPrimitives.dll
0x00007ffba3230000 - 0x00007ffba325d000 	C:\WINDOWS\System32\IMM32.DLL
0x00000000534d0000 - 0x00000000535a2000 	C:\Program Files\Android\Android Studio\jre\jre\bin\msvcr100.dll
0x0000000051970000 - 0x00000000521b1000 	C:\Program Files\Android\Android Studio\jre\jre\bin\server\jvm.dll
0x00007ffba1200000 - 0x00007ffba1208000 	C:\WINDOWS\System32\PSAPI.DLL
0x00007ffb8b820000 - 0x00007ffb8b829000 	C:\WINDOWS\SYSTEM32\WSOCK32.dll
0x00007ffb937f0000 - 0x00007ffb93813000 	C:\WINDOWS\SYSTEM32\WINMM.dll
0x00007ffb8fed0000 - 0x00007ffb8feda000 	C:\WINDOWS\SYSTEM32\VERSION.dll
0x00007ffb937c0000 - 0x00007ffb937ea000 	C:\WINDOWS\SYSTEM32\WINMMBASE.dll
0x00007ffba0250000 - 0x00007ffba0299000 	C:\WINDOWS\System32\cfgmgr32.dll
0x00007ffba13a0000 - 0x00007ffba140c000 	C:\WINDOWS\System32\WS2_32.dll
0x00007ffb89420000 - 0x00007ffb8942f000 	C:\Program Files\Android\Android Studio\jre\jre\bin\verify.dll
0x00007ffb7e840000 - 0x00007ffb7e869000 	C:\Program Files\Android\Android Studio\jre\jre\bin\java.dll
0x00007ffb7e1e0000 - 0x00007ffb7e1f6000 	C:\Program Files\Android\Android Studio\jre\jre\bin\zip.dll
0x00007ffba1d00000 - 0x00007ffba3142000 	C:\WINDOWS\System32\SHELL32.dll
0x00007ffba0ef0000 - 0x00007ffba0f99000 	C:\WINDOWS\System32\shcore.dll
0x00007ffb9fb40000 - 0x00007ffba024e000 	C:\WINDOWS\System32\windows.storage.dll
0x00007ffba1420000 - 0x00007ffba1471000 	C:\WINDOWS\System32\shlwapi.dll
0x00007ffb9f710000 - 0x00007ffb9f721000 	C:\WINDOWS\System32\kernel.appcore.dll
0x00007ffb9f6c0000 - 0x00007ffb9f6df000 	C:\WINDOWS\System32\profapi.dll
0x00007ffb9f730000 - 0x00007ffb9f77c000 	C:\WINDOWS\System32\powrprof.dll
0x00007ffb9f700000 - 0x00007ffb9f70a000 	C:\WINDOWS\System32\FLTLIB.DLL
0x00007ffb7e160000 - 0x00007ffb7e17a000 	C:\Program Files\Android\Android Studio\jre\jre\bin\net.dll
0x00007ffb9eee0000 - 0x00007ffb9ef46000 	C:\WINDOWS\system32\mswsock.dll
0x00007ffb7d930000 - 0x00007ffb7d941000 	C:\Program Files\Android\Android Studio\jre\jre\bin\nio.dll
0x00007ffb92e40000 - 0x00007ffb92e66000 	C:\Users\Tudor\.gradle\native\28\windows-amd64\native-platform.dll
0x00007ffb88c00000 - 0x00007ffb88c0d000 	C:\Program Files\Android\Android Studio\jre\jre\bin\management.dll
0x00007ffb9f090000 - 0x00007ffb9f0a7000 	C:\WINDOWS\SYSTEM32\CRYPTSP.dll
0x00007ffb9ea90000 - 0x00007ffb9eac3000 	C:\WINDOWS\system32\rsaenh.dll
0x00007ffb9f1c0000 - 0x00007ffb9f1e5000 	C:\WINDOWS\SYSTEM32\bcrypt.dll
0x00007ffb9f5c0000 - 0x00007ffb9f5e8000 	C:\WINDOWS\SYSTEM32\USERENV.dll
0x00007ffb9f0b0000 - 0x00007ffb9f0bb000 	C:\WINDOWS\SYSTEM32\CRYPTBASE.dll
0x00007ffb9ec30000 - 0x00007ffb9ec68000 	C:\WINDOWS\SYSTEM32\IPHLPAPI.DLL
0x00007ffba1410000 - 0x00007ffba1418000 	C:\WINDOWS\System32\NSI.dll
0x00007ffb95910000 - 0x00007ffb95926000 	C:\WINDOWS\SYSTEM32\dhcpcsvc6.DLL
0x00007ffb95ed0000 - 0x00007ffb95eea000 	C:\WINDOWS\SYSTEM32\dhcpcsvc.DLL

VM Arguments:
jvm_args: -XX:MaxMetaspaceSize=256m -XX:+HeapDumpOnOutOfMemoryError -Xmx512m -Dfile.encoding=windows-1252 -Duser.country=US -Duser.language=en -Duser.variant 
java_command: org.gradle.launcher.daemon.bootstrap.GradleDaemon 5.2.1
java_class_path (initial): C:\Users\Tudor\.gradle\wrapper\dists\gradle-5.2.1-bin\9lc4nzslqh3ep7ml2tp68fk8s\gradle-5.2.1\lib\gradle-launcher-5.2.1.jar
Launcher Type: SUN_STANDARD

Environment Variables:
PATH=C:\ProgramData\Oracle\Java\javapath;C:\WINDOWS\system32;C:\WINDOWS;C:\WINDOWS\System32\Wbem;C:\WINDOWS\System32\WindowsPowerShell\v1.0\;C:\Program Files\Git\cmd;C:\Program Files (x86)\SMLNJ\bin\;C:\Program Files\Microsoft SQL Server\Client SDK\ODBC\130\Tools\Binn\;C:\Program Files (x86)\Microsoft SQL Server\140\Tools\Binn\;C:\Program Files\Microsoft SQL Server\140\Tools\Binn\;C:\Program Files\Microsoft SQL Server\140\DTS\Binn\;C:\WINDOWS\System32\OpenSSH\;C:\Program Files\PuTTY\;C:\Users\Tudor\AppData\Local\Microsoft\WindowsApps;C:\Gradle\gradle-4.7\bin;;C:\Users\Tudor\AppData\Local\Programs\Microsoft VS Code\bin
USERNAME=Tudor
OS=Windows_NT
PROCESSOR_IDENTIFIER=Intel64 Family 6 Model 142 Stepping 10, GenuineIntel



---------------  S Y S T E M  ---------------

OS: Windows 10.0 , 64 bit Build 17134 (10.0.17134.753)

CPU:total 8 (initial active 8) (4 cores per cpu, 2 threads per core) family 6 model 142 stepping 10, cmov, cx8, fxsr, mmx, sse, sse2, sse3, ssse3, sse4.1, sse4.2, popcnt, avx, avx2, aes, clmul, erms, 3dnowpref, lzcnt, ht, tsc, tscinvbit, bmi1, bmi2, adx

Memory: 4k page, physical 8281292k(811168k free), swap 11142616k(4936k free)

vm_info: OpenJDK 64-Bit Server VM (25.152-b06) for windows-amd64 JRE (1.8.0_152-release-1136-b06), built by "builder" with MS VC++ 10.0 (VS2010)

time: Thu Sep 12 16:58:31 2019
elapsed time: 35 seconds (0d 0h 0m 35s)

